This is METAFONT, Version 2.7182818 (TeX Live 2016) (preloaded base=mf 2017.4.14)  27 APR 2017 19:05
**dof-1
(dof-1.mf (dof-1-charu.mf [65] [66] [67] [68] [69] [70] [71] [72] [73] [74]
[75] [76] [77] [78] [79] [80] [81] [82] [83] [84] [85] [86] [87] [88] [89]
[90]) (dof-1-charl.mf [97] [98] [99] [100] [101] [102] [103] [104] [105]
[106] [107] [108] [109] [110] [111] [112] [113] [114] [115] [116] [117]
[118] [119] [120] [121] [90]) (dof-1-charfp.mf [48] [49] [50] [51] [52]
[53] [54] [55] [56] [57] [32] [46] [44] [58] [59]
>> "039"
! String contains illegal digits.
<to be read again> 
                   ,
l.132 begindofpuncchar(oct"039",
                                2);
? 
! Emergency stop.
<to be read again> 
                   ,
l.132 begindofpuncchar(oct"039",
                                2);
End of file on the terminal!

Output written on dof-1.2602gf (67 characters, 84084 bytes).
